<?xml version="1.0" encoding="UTF-8"?>
<!-- Generated by org.testng.reporters.JUnitXMLReporter -->
<testsuite ignored="1" hostname="DESKTOP-0RV8SGU" failures="0" tests="2" name="Default test(failed)" time="9.373" errors="0" timestamp="2023-09-12T15:21:28 IST">
  <testcase classname="sep11.SecondtestNGclass" name="division" time="0.627"/>
  <testcase classname="sep11.SecondtestNGclass" name="multiplication" time="0.641"/>
  <testcase classname="sep11.SecondtestNGclass" name="addition" time="0.0">
    <ignored/>
  </testcase> <!-- addition -->
</testsuite> <!-- Default test(failed) -->
