<?xml version="1.0" encoding="UTF-8"?>
<!-- Generated by org.testng.reporters.JUnitXMLReporter -->
<testsuite ignored="0" hostname="DESKTOP-0RV8SGU" failures="0" tests="5" name="Chrometest" time="20.829" errors="0" timestamp="2023-09-14T15:43:24 IST">
  <testcase classname="sep14.Cross_browser_testing" name="validate_Login" time="9.479"/>
  <testcase classname="sep14.Cross_browser_testing" name="validate_Login" time="2.52"/>
  <testcase classname="sep14.Cross_browser_testing" name="validate_Login" time="1.377"/>
  <testcase classname="sep14.Cross_browser_testing" name="validate_Login" time="1.666"/>
  <testcase classname="sep14.Cross_browser_testing" name="validate_Login" time="1.601"/>
</testsuite> <!-- Chrometest -->
