<?xml version="1.0" encoding="UTF-8"?>
<!-- Generated by org.testng.reporters.JUnitXMLReporter -->
<testsuite ignored="0" hostname="DESKTOP-0RV8SGU" failures="0" tests="5" name="Firefoxtest" time="18.135" errors="0" timestamp="2023-09-14T15:43:42 IST">
  <testcase classname="sep14.Cross_browser_testing" name="validate_Login" time="4.236"/>
  <testcase classname="sep14.Cross_browser_testing" name="validate_Login" time="1.566"/>
  <testcase classname="sep14.Cross_browser_testing" name="validate_Login" time="0.745"/>
  <testcase classname="sep14.Cross_browser_testing" name="validate_Login" time="1.433"/>
  <testcase classname="sep14.Cross_browser_testing" name="validate_Login" time="1.311"/>
</testsuite> <!-- Firefoxtest -->
