<?xml version="1.0" encoding="UTF-8"?>
<testng-results ignored="0" total="2" passed="2" failed="0" skipped="0">
  <reporter-output>
  </reporter-output>
  <suite started-at="2023-09-22T16:14:15 IST" name="Default suite" finished-at="2023-09-22T16:14:28 IST" duration-ms="12814">
    <groups>
    </groups>
    <test started-at="2023-09-22T16:14:15 IST" name="Default test" finished-at="2023-09-22T16:14:28 IST" duration-ms="12814">
      <class name="sep15.Advance_Reports">
        <test-method is-config="true" signature="Generatereport()[pri:0, instance:sep15.Advance_Reports@2b30a42c]" started-at="2023-09-22T16:14:15 IST" name="Generatereport" finished-at="2023-09-22T16:14:15 IST" duration-ms="193" status="PASS">
          <reporter-output>
          </reporter-output>
        </test-method> <!-- Generatereport -->
        <test-method is-config="true" signature="setup()[pri:0, instance:sep15.Advance_Reports@2b30a42c]" started-at="2023-09-22T16:14:15 IST" name="setup" finished-at="2023-09-22T16:14:22 IST" duration-ms="6664" status="PASS">
          <reporter-output>
          </reporter-output>
        </test-method> <!-- setup -->
        <test-method signature="testfatal()[pri:0, instance:sep15.Advance_Reports@2b30a42c]" started-at="2023-09-22T16:14:22 IST" name="testfatal" finished-at="2023-09-22T16:14:22 IST" duration-ms="42" status="PASS">
          <reporter-output>
          </reporter-output>
        </test-method> <!-- testfatal -->
        <test-method is-config="true" signature="teardown()[pri:0, instance:sep15.Advance_Reports@2b30a42c]" started-at="2023-09-22T16:14:22 IST" name="teardown" finished-at="2023-09-22T16:14:23 IST" duration-ms="657" status="PASS">
          <reporter-output>
          </reporter-output>
        </test-method> <!-- teardown -->
        <test-method is-config="true" signature="setup()[pri:0, instance:sep15.Advance_Reports@2b30a42c]" started-at="2023-09-22T16:14:23 IST" name="setup" finished-at="2023-09-22T16:14:27 IST" duration-ms="4767" status="PASS">
          <reporter-output>
          </reporter-output>
        </test-method> <!-- setup -->
        <test-method signature="testpass()[pri:0, instance:sep15.Advance_Reports@2b30a42c]" started-at="2023-09-22T16:14:27 IST" name="testpass" finished-at="2023-09-22T16:14:27 IST" duration-ms="100" status="PASS">
          <reporter-output>
          </reporter-output>
        </test-method> <!-- testpass -->
        <test-method is-config="true" signature="teardown()[pri:0, instance:sep15.Advance_Reports@2b30a42c]" started-at="2023-09-22T16:14:27 IST" name="teardown" finished-at="2023-09-22T16:14:28 IST" duration-ms="308" status="PASS">
          <reporter-output>
          </reporter-output>
        </test-method> <!-- teardown -->
      </class> <!-- sep15.Advance_Reports -->
    </test> <!-- Default test -->
  </suite> <!-- Default suite -->
</testng-results>
