<?xml version="1.0" encoding="UTF-8"?>
<!-- Generated by org.testng.reporters.JUnitXMLReporter -->
<testsuite ignored="0" hostname="DESKTOP-0RV8SGU" failures="0" tests="9" name="Report" time="49.839" errors="0" timestamp="2023-09-13T14:38:44 IST">
  <testcase classname="sep11.FirsttestNGclass" name="branches" time="0.843"/>
  <testcase classname="sep11.FirsttestNGclass" name="roles" time="0.799"/>
  <testcase classname="sep11.FirsttestNGclass" name="users" time="1.901"/>
  <testcase classname="sep11.SecondtestNGclass" name="addition" time="1.079"/>
  <testcase classname="sep11.SecondtestNGclass" name="division" time="1.162"/>
  <testcase classname="sep11.SecondtestNGclass" name="multiplication" time="1.111"/>
  <testcase classname="sep11.ThirdtestNGclass" name="corporatebanking" time="0.795"/>
  <testcase classname="sep11.ThirdtestNGclass" name="internationalbanking" time="0.638"/>
  <testcase classname="sep11.ThirdtestNGclass" name="personalbanking" time="0.702"/>
</testsuite> <!-- Report -->
